2023-08-13T04:27:05+00:00 DEBUG Tt4b_Pixel_Class::inject_view_content_event: hit ViewContent
2023-08-13T04:27:05+00:00 DEBUG Tt4b_Pixel_Class::inject_view_content_event: Missing option "access_token"
2023-08-13T04:28:50+00:00 DEBUG Tt4b_Pixel_Class::inject_view_content_event: hit ViewContent
2023-08-13T04:28:50+00:00 DEBUG Tt4b_Pixel_Class::inject_view_content_event: Missing option "access_token"
2023-08-13T04:29:04+00:00 DEBUG Tt4b_Pixel_Class::inject_view_content_event: hit ViewContent
2023-08-13T04:29:04+00:00 DEBUG Tt4b_Pixel_Class::inject_view_content_event: Missing option "access_token"
2023-08-13T04:29:13+00:00 DEBUG Tt4b_Pixel_Class::inject_view_content_event: hit ViewContent
2023-08-13T04:29:13+00:00 DEBUG Tt4b_Pixel_Class::inject_view_content_event: Missing option "access_token"
2023-08-13T04:35:36+00:00 DEBUG Tt4b_Pixel_Class::inject_view_content_event: hit ViewContent
2023-08-13T04:35:36+00:00 DEBUG Tt4b_Pixel_Class::inject_view_content_event: Missing option "access_token"
2023-08-13T04:35:48+00:00 DEBUG Tt4b_Pixel_Class::inject_start_checkout: hit InitiateCheckout
2023-08-13T04:35:48+00:00 DEBUG Tt4b_Pixel_Class::inject_start_checkout: Missing option "access_token"
2023-08-13T04:45:31+00:00 DEBUG Tt4b_Pixel_Class::inject_view_content_event: hit ViewContent
2023-08-13T04:45:31+00:00 DEBUG Tt4b_Pixel_Class::inject_view_content_event: Missing option "access_token"
2023-08-13T04:50:17+00:00 DEBUG Tt4b_Pixel_Class::inject_view_content_event: hit ViewContent
2023-08-13T04:50:17+00:00 DEBUG Tt4b_Pixel_Class::inject_view_content_event: Missing option "access_token"
2023-08-13T05:25:19+00:00 DEBUG Tt4b_Pixel_Class::inject_view_content_event: hit ViewContent
2023-08-13T05:25:19+00:00 DEBUG Tt4b_Pixel_Class::inject_view_content_event: Missing option "access_token"
2023-08-13T05:27:15+00:00 DEBUG Tt4b_Pixel_Class::inject_view_content_event: hit ViewContent
2023-08-13T05:27:15+00:00 DEBUG Tt4b_Pixel_Class::inject_view_content_event: Missing option "access_token"
2023-08-13T05:56:14+00:00 DEBUG Tt4b_Pixel_Class::inject_view_content_event: hit ViewContent
2023-08-13T05:56:14+00:00 DEBUG Tt4b_Pixel_Class::inject_view_content_event: Missing option "access_token"
2023-08-13T06:07:41+00:00 DEBUG Tt4b_Pixel_Class::inject_view_content_event: hit ViewContent
2023-08-13T06:07:41+00:00 DEBUG Tt4b_Pixel_Class::inject_view_content_event: Missing option "access_token"
2023-08-13T06:16:58+00:00 DEBUG Tt4b_Pixel_Class::inject_view_content_event: hit ViewContent
2023-08-13T06:16:58+00:00 DEBUG Tt4b_Pixel_Class::inject_view_content_event: Missing option "access_token"
2023-08-13T06:29:40+00:00 DEBUG Tt4b_Pixel_Class::inject_view_content_event: hit ViewContent
2023-08-13T06:29:40+00:00 DEBUG Tt4b_Pixel_Class::inject_view_content_event: Missing option "access_token"
2023-08-13T06:50:52+00:00 DEBUG Tt4b_Pixel_Class::inject_view_content_event: hit ViewContent
2023-08-13T06:50:52+00:00 DEBUG Tt4b_Pixel_Class::inject_view_content_event: Missing option "access_token"
2023-08-13T07:41:07+00:00 DEBUG Tt4b_Pixel_Class::inject_view_content_event: hit ViewContent
2023-08-13T07:41:07+00:00 DEBUG Tt4b_Pixel_Class::inject_view_content_event: Missing option "access_token"
2023-08-13T07:55:48+00:00 DEBUG Tt4b_Pixel_Class::inject_view_content_event: hit ViewContent
2023-08-13T07:55:48+00:00 DEBUG Tt4b_Pixel_Class::inject_view_content_event: Missing option "access_token"
2023-08-13T08:02:38+00:00 DEBUG Tt4b_Pixel_Class::inject_view_content_event: hit ViewContent
2023-08-13T08:02:38+00:00 DEBUG Tt4b_Pixel_Class::inject_view_content_event: Missing option "access_token"
2023-08-13T08:27:27+00:00 DEBUG Tt4b_Pixel_Class::inject_view_content_event: hit ViewContent
2023-08-13T08:27:27+00:00 DEBUG Tt4b_Pixel_Class::inject_view_content_event: Missing option "access_token"
2023-08-13T08:53:25+00:00 DEBUG Tt4b_Pixel_Class::inject_view_content_event: hit ViewContent
2023-08-13T08:53:25+00:00 DEBUG Tt4b_Pixel_Class::inject_view_content_event: Missing option "access_token"
2023-08-13T09:00:21+00:00 DEBUG Tt4b_Pixel_Class::inject_view_content_event: hit ViewContent
2023-08-13T09:00:21+00:00 DEBUG Tt4b_Pixel_Class::inject_view_content_event: Missing option "access_token"
2023-08-13T09:04:26+00:00 DEBUG Tt4b_Pixel_Class::inject_view_content_event: hit ViewContent
2023-08-13T09:04:26+00:00 DEBUG Tt4b_Pixel_Class::inject_view_content_event: Missing option "access_token"
2023-08-13T09:13:28+00:00 DEBUG Tt4b_Pixel_Class::inject_view_content_event: hit ViewContent
2023-08-13T09:13:28+00:00 DEBUG Tt4b_Pixel_Class::inject_view_content_event: Missing option "access_token"
2023-08-13T09:28:19+00:00 DEBUG Tt4b_Pixel_Class::inject_view_content_event: hit ViewContent
2023-08-13T09:28:19+00:00 DEBUG Tt4b_Pixel_Class::inject_view_content_event: Missing option "access_token"
2023-08-13T09:38:19+00:00 DEBUG Tt4b_Pixel_Class::inject_view_content_event: hit ViewContent
2023-08-13T09:38:19+00:00 DEBUG Tt4b_Pixel_Class::inject_view_content_event: Missing option "access_token"
2023-08-13T11:38:31+00:00 DEBUG Tt4b_Pixel_Class::inject_view_content_event: hit ViewContent
2023-08-13T11:38:31+00:00 DEBUG Tt4b_Pixel_Class::inject_view_content_event: Missing option "access_token"
2023-08-13T11:47:25+00:00 DEBUG Tt4b_Pixel_Class::inject_view_content_event: hit ViewContent
2023-08-13T11:47:25+00:00 DEBUG Tt4b_Pixel_Class::inject_view_content_event: Missing option "access_token"
2023-08-13T12:01:40+00:00 DEBUG Tt4b_Pixel_Class::inject_view_content_event: hit ViewContent
2023-08-13T12:01:40+00:00 DEBUG Tt4b_Pixel_Class::inject_view_content_event: Missing option "access_token"
2023-08-13T12:02:30+00:00 DEBUG Tt4b_Pixel_Class::inject_view_content_event: hit ViewContent
2023-08-13T12:02:30+00:00 DEBUG Tt4b_Pixel_Class::inject_view_content_event: Missing option "access_token"
2023-08-13T12:19:51+00:00 DEBUG Tt4b_Pixel_Class::inject_view_content_event: hit ViewContent
2023-08-13T12:19:51+00:00 DEBUG Tt4b_Pixel_Class::inject_view_content_event: Missing option "access_token"
2023-08-13T12:29:05+00:00 DEBUG Tt4b_Pixel_Class::inject_view_content_event: hit ViewContent
2023-08-13T12:29:05+00:00 DEBUG Tt4b_Pixel_Class::inject_view_content_event: Missing option "access_token"
2023-08-13T12:29:10+00:00 DEBUG Tt4b_Pixel_Class::inject_view_content_event: hit ViewContent
2023-08-13T12:29:10+00:00 DEBUG Tt4b_Pixel_Class::inject_view_content_event: Missing option "access_token"
2023-08-13T12:29:41+00:00 DEBUG Tt4b_Pixel_Class::inject_view_content_event: hit ViewContent
2023-08-13T12:29:41+00:00 DEBUG Tt4b_Pixel_Class::inject_view_content_event: Missing option "access_token"
2023-08-13T12:29:48+00:00 DEBUG Tt4b_Pixel_Class::inject_view_content_event: hit ViewContent
2023-08-13T12:29:48+00:00 DEBUG Tt4b_Pixel_Class::inject_view_content_event: Missing option "access_token"
2023-08-13T12:30:39+00:00 DEBUG Tt4b_Pixel_Class::inject_view_content_event: hit ViewContent
2023-08-13T12:30:39+00:00 DEBUG Tt4b_Pixel_Class::inject_view_content_event: Missing option "access_token"
2023-08-13T12:36:07+00:00 DEBUG Tt4b_Pixel_Class::inject_view_content_event: hit ViewContent
2023-08-13T12:36:07+00:00 DEBUG Tt4b_Pixel_Class::inject_view_content_event: Missing option "access_token"
2023-08-13T13:31:13+00:00 DEBUG Tt4b_Pixel_Class::inject_view_content_event: hit ViewContent
2023-08-13T13:31:13+00:00 DEBUG Tt4b_Pixel_Class::inject_view_content_event: Missing option "access_token"
2023-08-13T13:36:28+00:00 DEBUG Tt4b_Pixel_Class::inject_view_content_event: hit ViewContent
2023-08-13T13:36:28+00:00 DEBUG Tt4b_Pixel_Class::inject_view_content_event: Missing option "access_token"
2023-08-13T13:36:30+00:00 DEBUG Tt4b_Pixel_Class::inject_view_content_event: hit ViewContent
2023-08-13T13:36:30+00:00 DEBUG Tt4b_Pixel_Class::inject_view_content_event: Missing option "access_token"
2023-08-13T13:36:52+00:00 DEBUG Tt4b_Pixel_Class::inject_view_content_event: hit ViewContent
2023-08-13T13:36:52+00:00 DEBUG Tt4b_Pixel_Class::inject_view_content_event: Missing option "access_token"
2023-08-13T13:37:21+00:00 DEBUG Tt4b_Pixel_Class::inject_view_content_event: hit ViewContent
2023-08-13T13:37:21+00:00 DEBUG Tt4b_Pixel_Class::inject_view_content_event: Missing option "access_token"
2023-08-13T13:38:17+00:00 DEBUG Tt4b_Pixel_Class::inject_view_content_event: hit ViewContent
2023-08-13T13:38:17+00:00 DEBUG Tt4b_Pixel_Class::inject_view_content_event: Missing option "access_token"
2023-08-13T13:39:19+00:00 DEBUG Tt4b_Pixel_Class::inject_view_content_event: hit ViewContent
2023-08-13T13:39:19+00:00 DEBUG Tt4b_Pixel_Class::inject_view_content_event: Missing option "access_token"
2023-08-13T14:09:28+00:00 DEBUG Tt4b_Pixel_Class::inject_view_content_event: hit ViewContent
2023-08-13T14:09:28+00:00 DEBUG Tt4b_Pixel_Class::inject_view_content_event: Missing option "access_token"
2023-08-13T14:09:31+00:00 DEBUG Tt4b_Pixel_Class::inject_view_content_event: hit ViewContent
2023-08-13T14:09:31+00:00 DEBUG Tt4b_Pixel_Class::inject_view_content_event: Missing option "access_token"
2023-08-13T14:24:17+00:00 DEBUG Tt4b_Pixel_Class::inject_view_content_event: hit ViewContent
2023-08-13T14:24:17+00:00 DEBUG Tt4b_Pixel_Class::inject_view_content_event: Missing option "access_token"
2023-08-13T14:24:22+00:00 DEBUG Tt4b_Pixel_Class::inject_view_content_event: hit ViewContent
2023-08-13T14:24:22+00:00 DEBUG Tt4b_Pixel_Class::inject_view_content_event: Missing option "access_token"
2023-08-13T14:34:17+00:00 DEBUG Tt4b_Pixel_Class::inject_start_checkout: hit InitiateCheckout
2023-08-13T14:34:17+00:00 DEBUG Tt4b_Pixel_Class::inject_start_checkout: Missing option "access_token"
2023-08-13T14:34:21+00:00 DEBUG Tt4b_Pixel_Class::inject_view_content_event: hit ViewContent
2023-08-13T14:34:21+00:00 DEBUG Tt4b_Pixel_Class::inject_view_content_event: Missing option "access_token"
2023-08-13T14:34:24+00:00 DEBUG Tt4b_Pixel_Class::inject_view_content_event: hit ViewContent
2023-08-13T14:34:24+00:00 DEBUG Tt4b_Pixel_Class::inject_view_content_event: Missing option "access_token"
2023-08-13T14:34:28+00:00 DEBUG Tt4b_Pixel_Class::inject_start_checkout: hit InitiateCheckout
2023-08-13T14:34:28+00:00 DEBUG Tt4b_Pixel_Class::inject_start_checkout: Missing option "access_token"
2023-08-13T14:34:36+00:00 DEBUG Tt4b_Pixel_Class::inject_start_checkout: hit InitiateCheckout
2023-08-13T14:34:36+00:00 DEBUG Tt4b_Pixel_Class::inject_start_checkout: Missing option "access_token"
2023-08-13T14:34:53+00:00 DEBUG Tt4b_Pixel_Class::inject_start_checkout: hit InitiateCheckout
2023-08-13T14:34:53+00:00 DEBUG Tt4b_Pixel_Class::inject_start_checkout: Missing option "access_token"
2023-08-13T14:34:57+00:00 DEBUG Tt4b_Pixel_Class::inject_start_checkout: hit InitiateCheckout
2023-08-13T14:34:57+00:00 DEBUG Tt4b_Pixel_Class::inject_start_checkout: Missing option "access_token"
2023-08-13T14:40:56+00:00 DEBUG Tt4b_Pixel_Class::inject_view_content_event: hit ViewContent
2023-08-13T14:40:56+00:00 DEBUG Tt4b_Pixel_Class::inject_view_content_event: Missing option "access_token"
2023-08-13T14:41:17+00:00 DEBUG Tt4b_Pixel_Class::inject_view_content_event: hit ViewContent
2023-08-13T14:41:17+00:00 DEBUG Tt4b_Pixel_Class::inject_view_content_event: Missing option "access_token"
2023-08-13T14:42:52+00:00 DEBUG Tt4b_Pixel_Class::inject_view_content_event: hit ViewContent
2023-08-13T14:42:52+00:00 DEBUG Tt4b_Pixel_Class::inject_view_content_event: Missing option "access_token"
2023-08-13T14:42:52+00:00 DEBUG Tt4b_Pixel_Class::inject_view_content_event: hit ViewContent
2023-08-13T14:42:52+00:00 DEBUG Tt4b_Pixel_Class::inject_view_content_event: Missing option "access_token"
2023-08-13T14:43:42+00:00 DEBUG Tt4b_Pixel_Class::inject_view_content_event: hit ViewContent
2023-08-13T14:43:42+00:00 DEBUG Tt4b_Pixel_Class::inject_view_content_event: Missing option "access_token"
2023-08-13T14:43:52+00:00 DEBUG Tt4b_Pixel_Class::inject_view_content_event: hit ViewContent
2023-08-13T14:43:52+00:00 DEBUG Tt4b_Pixel_Class::inject_view_content_event: Missing option "access_token"
2023-08-13T14:45:13+00:00 DEBUG Tt4b_Pixel_Class::inject_start_checkout: hit InitiateCheckout
2023-08-13T14:45:13+00:00 DEBUG Tt4b_Pixel_Class::inject_start_checkout: Missing option "access_token"
2023-08-13T14:45:42+00:00 DEBUG Tt4b_Pixel_Class::inject_view_content_event: hit ViewContent
2023-08-13T14:45:42+00:00 DEBUG Tt4b_Pixel_Class::inject_view_content_event: Missing option "access_token"
2023-08-13T14:45:59+00:00 DEBUG Tt4b_Pixel_Class::inject_view_content_event: hit ViewContent
2023-08-13T14:45:59+00:00 DEBUG Tt4b_Pixel_Class::inject_view_content_event: Missing option "access_token"
2023-08-13T14:46:05+00:00 DEBUG Tt4b_Pixel_Class::inject_view_content_event: hit ViewContent
2023-08-13T14:46:05+00:00 DEBUG Tt4b_Pixel_Class::inject_view_content_event: Missing option "access_token"
2023-08-13T14:46:08+00:00 DEBUG Tt4b_Pixel_Class::inject_view_content_event: hit ViewContent
2023-08-13T14:46:08+00:00 DEBUG Tt4b_Pixel_Class::inject_view_content_event: Missing option "access_token"
2023-08-13T14:46:11+00:00 DEBUG Tt4b_Pixel_Class::inject_view_content_event: hit ViewContent
2023-08-13T14:46:11+00:00 DEBUG Tt4b_Pixel_Class::inject_view_content_event: Missing option "access_token"
2023-08-13T14:46:14+00:00 DEBUG Tt4b_Pixel_Class::inject_view_content_event: hit ViewContent
2023-08-13T14:46:14+00:00 DEBUG Tt4b_Pixel_Class::inject_view_content_event: Missing option "access_token"
2023-08-13T14:46:17+00:00 DEBUG Tt4b_Pixel_Class::inject_view_content_event: hit ViewContent
2023-08-13T14:46:17+00:00 DEBUG Tt4b_Pixel_Class::inject_view_content_event: Missing option "access_token"
2023-08-13T14:46:33+00:00 DEBUG Tt4b_Pixel_Class::inject_view_content_event: hit ViewContent
2023-08-13T14:46:33+00:00 DEBUG Tt4b_Pixel_Class::inject_view_content_event: Missing option "access_token"
2023-08-13T14:47:59+00:00 DEBUG Tt4b_Pixel_Class::inject_view_content_event: hit ViewContent
2023-08-13T14:47:59+00:00 DEBUG Tt4b_Pixel_Class::inject_view_content_event: Missing option "access_token"
2023-08-13T15:05:06+00:00 DEBUG Tt4b_Pixel_Class::inject_view_content_event: hit ViewContent
2023-08-13T15:05:06+00:00 DEBUG Tt4b_Pixel_Class::inject_view_content_event: Missing option "access_token"
2023-08-13T15:15:01+00:00 DEBUG Tt4b_Pixel_Class::inject_view_content_event: hit ViewContent
2023-08-13T15:15:01+00:00 DEBUG Tt4b_Pixel_Class::inject_view_content_event: Missing option "access_token"
2023-08-13T15:15:12+00:00 DEBUG Tt4b_Pixel_Class::inject_view_content_event: hit ViewContent
2023-08-13T15:15:12+00:00 DEBUG Tt4b_Pixel_Class::inject_view_content_event: Missing option "access_token"
2023-08-13T15:15:17+00:00 DEBUG Tt4b_Pixel_Class::inject_view_content_event: hit ViewContent
2023-08-13T15:15:17+00:00 DEBUG Tt4b_Pixel_Class::inject_view_content_event: Missing option "access_token"
2023-08-13T15:15:24+00:00 DEBUG Tt4b_Pixel_Class::inject_view_content_event: hit ViewContent
2023-08-13T15:15:24+00:00 DEBUG Tt4b_Pixel_Class::inject_view_content_event: Missing option "access_token"
2023-08-13T15:15:40+00:00 DEBUG Tt4b_Pixel_Class::inject_view_content_event: hit ViewContent
2023-08-13T15:15:40+00:00 DEBUG Tt4b_Pixel_Class::inject_view_content_event: Missing option "access_token"
2023-08-13T15:17:23+00:00 DEBUG POST: https://business-api.tiktok.com/tbp/v2.0/business_profile/disconnect?external_data=

{"business_platform":"WOO_COMMERCE","external_business_id":false}
 ajax: no
2023-08-13T15:17:23+00:00 DEBUG Tt4b_Mapi_Class::tbp_post: Response: 

HTTP/1.1 200 OK
Server: nginx
Content-Type: application/json; charset=utf-8
Content-Length: 95
X-Api-Deprecation-Info: API for Business Version 1.3 is now live. To avoid disruption to your business, we recommend you migrate all calls to v1.3 as soon as possible. Please visit our migration guide for more details: https://ads.tiktok.com/marketing_api/docs?id=1740029169927169
X-Domain-Change-Info: We have moved to the new domain business-api.tiktok.com for API services after the Platform Upgrade on 09/30/2021. Please update all of your requests with the new domain if you haven't done so already. For more information, please visit https://ads.tiktok.com/marketing_api/docs?rid=esb88xalm6m&id=1709207085043713
X-Tt-Logid: 202308131517224B5F959234493761102F
Server-Timing: inner; dur=11
x-tt-trace-host: 01ada103f35ce434bd8e00a815df0003d210b2b4a1718a1a61fb9cebb5d696a690d518bb08a45768e4e94c545b227253bcb47f28e3af1a911d377876d40f24c2ac79dedc5de7f4984b4b8555909adf954abbc5e05de0edf07d56cf96993df1bd04
Expires: Sun, 13 Aug 2023 15:17:23 GMT
Cache-Control: max-age=0, no-cache, no-store
Pragma: no-cache
Date: Sun, 13 Aug 2023 15:17:23 GMT
X-Cache: TCP_MISS from a23-47-190-21.deploy.akamaitechnologies.com (AkamaiGHost/11.2.1-50147064) (-)
Connection: close
x-tt-trace-tag: id=16;cdn-cache=miss;type=dyn
Server-Timing: cdn-cache; desc=MISS, edge; dur=3, origin; dur=14
X-Origin-Response-Time: 14,23.47.190.21
X-Akamai-Request-ID: 65944c9d

{"code":40001,"message":"Permission denied.","request_id":"202308131517224B5F959234493761102F"}

2023-08-13T15:17:23+00:00 DEBUG POST: https://business-api.tiktok.com/tbp/v2.0/shop/connection/disconnect?external_data=

--- EMPTY STRING ---
 ajax: no
2023-08-13T15:17:23+00:00 DEBUG Tt4b_Mapi_Class::tts_shop_disconnect: Response: 

HTTP/1.1 200 OK
Server: nginx
Content-Type: application/json; charset=utf-8
Content-Length: 95
X-Api-Deprecation-Info: API for Business Version 1.3 is now live. To avoid disruption to your business, we recommend you migrate all calls to v1.3 as soon as possible. Please visit our migration guide for more details: https://ads.tiktok.com/marketing_api/docs?id=1740029169927169
X-Domain-Change-Info: We have moved to the new domain business-api.tiktok.com for API services after the Platform Upgrade on 09/30/2021. Please update all of your requests with the new domain if you haven't done so already. For more information, please visit https://ads.tiktok.com/marketing_api/docs?rid=esb88xalm6m&id=1709207085043713
X-Tt-Logid: 202308131517227069BE1F04DCA6621942
Server-Timing: inner; dur=9
x-tt-trace-host: 01ada103f35ce434bd8e00a815df0003d210b2b4a1718a1a61fb9cebb5d696a6908a1aff3d0c428eb691bb0ec25e9910bc3dc41f51a01db521d11a3a07f92594051ed4a72097f2d92f5de4417b6b8760abce89e3da7f591aaf9a3bb3680b644837
Expires: Sun, 13 Aug 2023 15:17:23 GMT
Cache-Control: max-age=0, no-cache, no-store
Pragma: no-cache
Date: Sun, 13 Aug 2023 15:17:23 GMT
X-Cache: TCP_MISS from a23-47-190-21.deploy.akamaitechnologies.com (AkamaiGHost/11.2.1-50147064) (-)
Connection: close
x-tt-trace-tag: id=16;cdn-cache=miss;type=dyn
Server-Timing: cdn-cache; desc=MISS, edge; dur=2, origin; dur=13
X-Origin-Response-Time: 13,23.47.190.21
X-Akamai-Request-ID: 65944d99

{"code":40001,"message":"Permission denied.","request_id":"202308131517227069BE1F04DCA6621942"}

